<?xml version="1.0" encoding="UTF-8"?>
<!-- Generated by org.testng.reporters.JUnitReportReporter -->
<testsuite hostname="2821-X1" failures="0" tests="2" name="com.automation.tests.BasicLoginTest" time="21.068" errors="0" timestamp="2026-01-07T23:47:05 IST" skipped="0">
  <testcase classname="com.automation.tests.BasicLoginTest" name="testAppLaunch" time="0.001"/>
  <system-out/>
  <testcase classname="com.automation.tests.BasicLoginTest" name="testLogin" time="21.067"/>
  <system-out/>
</testsuite> <!-- com.automation.tests.BasicLoginTest -->
