<?xml version="1.0" encoding="UTF-8"?>
<testsuite xmlns:xsi="http://www.w3.org/2001/XMLSchema-instance" xsi:noNamespaceSchemaLocation="https://maven.apache.org/surefire/maven-surefire-plugin/xsd/surefire-test-report.xsd" version="3.0.2" name="com.automation.tests.BasicLoginTest" time="26.926" tests="2" errors="0" skipped="0" failures="0">
  <properties>
[...]
</properties>
  <testcase name="testAppLaunch" classname="com.automation.tests.BasicLoginTest" time="0.007">
    <system-out><![CDATA[23:46:38,407 |-INFO in ch.qos.logback.classic.LoggerContext[default] - This is logback-classic version 1.5.16
23:46:38,408 |-INFO in ch.qos.logback.classic.util.ContextInitializer@7bedc48a - No custom configurators were discovered as a service.
23:46:38,408 |-INFO in ch.qos.logback.classic.util.ContextInitializer@7bedc48a - Trying to configure with ch.qos.logback.classic.joran.SerializedModelConfigurator
23:46:38,408 |-INFO in ch.qos.logback.classic.util.ContextInitializer@7bedc48a - Constructed configurator of type class ch.qos.logback.classic.joran.SerializedModelConfigurator
23:46:38,410 |-INFO in ch.qos.logback.classic.LoggerContext[default] - Could NOT find resource [logback-test.scmo]
23:46:38,411 |-INFO in ch.qos.logback.classic.LoggerContext[default] - Could NOT find resource [logback.scmo]
23:46:38,415 |-INFO in ch.qos.logback.classic.util.ContextInitializer@7bedc48a - ch.qos.logback.classic.joran.SerializedModelConfigurator.configure() call lasted 3 milliseconds. ExecutionStatus=INVOKE_NEXT_IF_ANY
23:46:38,415 |-INFO in ch.qos.logback.classic.util.ContextInitializer@7bedc48a - Trying to configure with ch.qos.logback.classic.util.DefaultJoranConfigurator
23:46:38,415 |-INFO in ch.qos.logback.classic.util.ContextInitializer@7bedc48a - Constructed configurator of type class ch.qos.logback.classic.util.DefaultJoranConfigurator
23:46:38,415 |-INFO in ch.qos.logback.classic.LoggerContext[default] - Could NOT find resource [logback-test.xml]
23:46:38,417 |-INFO in ch.qos.logback.classic.LoggerContext[default] - Found resource [logback.xml] at [jar:file:/Users/raghuveeraddagada/.m2/repository/com/automation/utilities/1.0.0-SNAPSHOT/utilities-1.0.0-SNAPSHOT.jar!/logback.xml]
23:46:38,419 |-INFO in ConfigurationWatchList(mainURL=jar:file:/Users/raghuveeraddagada/.m2/repository/com/automation/utilities/1.0.0-SNAPSHOT/utilities-1.0.0-SNAPSHOT.jar!/logback.xml, fileWatchList={}, urlWatchList=[}) - URL [jar:file:/Users/raghuveeraddagada/.m2/repository/com/automation/utilities/1.0.0-SNAPSHOT/utilities-1.0.0-SNAPSHOT.jar!/logback.xml] is not of type file
23:46:38,462 |-INFO in ch.qos.logback.core.model.processor.AppenderModelHandler - Processing appender named [CONSOLE]
23:46:38,462 |-INFO in ch.qos.logback.core.model.processor.AppenderModelHandler - About to instantiate appender of type [ch.qos.logback.core.ConsoleAppender]
23:46:38,464 |-INFO in ch.qos.logback.core.model.processor.ImplicitModelHandler - Assuming default type [ch.qos.logback.classic.encoder.PatternLayoutEncoder] for [encoder] property
23:46:38,485 |-INFO in ch.qos.logback.core.ConsoleAppender[CONSOLE] - BEWARE: Writing to the console can be very slow. Avoid logging to the 
23:46:38,485 |-INFO in ch.qos.logback.core.ConsoleAppender[CONSOLE] - console in production environments, especially in high volume systems.
23:46:38,485 |-INFO in ch.qos.logback.core.ConsoleAppender[CONSOLE] - See also https://logback.qos.ch/codes.html#slowConsole
23:46:38,485 |-INFO in ch.qos.logback.core.model.processor.AppenderModelHandler - Processing appender named [FILE]
23:46:38,485 |-INFO in ch.qos.logback.core.model.processor.AppenderModelHandler - About to instantiate appender of type [ch.qos.logback.core.rolling.RollingFileAppender]
23:46:38,487 |-WARN in ch.qos.logback.core.model.processor.ImplicitModelHandler - Ignoring unknown property [maxFileSize] in [ch.qos.logback.core.rolling.TimeBasedRollingPolicy]
23:46:38,489 |-INFO in c.q.l.core.rolling.TimeBasedRollingPolicy@1026871825 - setting totalSizeCap to 300 MB
23:46:38,490 |-INFO in c.q.l.core.rolling.TimeBasedRollingPolicy@1026871825 - Will use gz compression
23:46:38,490 |-INFO in c.q.l.core.rolling.TimeBasedRollingPolicy@1026871825 - Will use the pattern target/logs/test-execution.%d{yyyy-MM-dd}.%i.log for the active file
23:46:38,500 |-INFO in c.q.l.core.rolling.DefaultTimeBasedFileNamingAndTriggeringPolicy - The date pattern is 'yyyy-MM-dd' from file name pattern 'target/logs/test-execution.%d{yyyy-MM-dd}.%i.log.gz'.
23:46:38,500 |-INFO in c.q.l.core.rolling.DefaultTimeBasedFileNamingAndTriggeringPolicy - Roll-over at midnight.
23:46:38,502 |-INFO in c.q.l.core.rolling.DefaultTimeBasedFileNamingAndTriggeringPolicy - Setting initial period to 2026-01-07T18:16:38.502Z
23:46:38,503 |-ERROR in c.q.l.core.rolling.DefaultTimeBasedFileNamingAndTriggeringPolicy - Filename pattern [target/logs/test-execution.%d{yyyy-MM-dd}.%i.log.gz] contains an integer token converter, i.e. %i, INCOMPATIBLE with this configuration. Please remove it.
23:46:38,503 |-WARN in c.q.l.core.rolling.TimeBasedRollingPolicy@1026871825 - Subcomponent did not start. TimeBasedRollingPolicy will not start.
23:46:38,503 |-INFO in ch.qos.logback.core.model.processor.ImplicitModelHandler - Assuming default type [ch.qos.logback.classic.encoder.PatternLayoutEncoder] for [encoder] property
23:46:38,503 |-WARN in ch.qos.logback.core.rolling.RollingFileAppender[FILE] - TriggeringPolicy has not started. RollingFileAppender will not start
23:46:38,503 |-INFO in ch.qos.logback.core.model.processor.AppenderModelHandler - Processing appender named [EXTENT_REPORTS]
23:46:38,503 |-INFO in ch.qos.logback.core.model.processor.AppenderModelHandler - About to instantiate appender of type [com.automation.utils.logback.ExtentReportsAppender]
23:46:38,503 |-INFO in ch.qos.logback.classic.model.processor.LoggerModelHandler - Setting level of logger [io.appium.java_client] to WARN
23:46:38,503 |-INFO in ch.qos.logback.classic.model.processor.LoggerModelHandler - Setting level of logger [io.appium.java_client.remote] to WARN
23:46:38,503 |-INFO in ch.qos.logback.classic.model.processor.LoggerModelHandler - Setting level of logger [io.appium.java_client.remote.http] to WARN
23:46:38,503 |-INFO in ch.qos.logback.classic.model.processor.LoggerModelHandler - Setting level of logger [io.appium.java_client.service] to WARN
23:46:38,503 |-INFO in ch.qos.logback.classic.model.processor.LoggerModelHandler - Setting level of logger [org.openqa.selenium] to WARN
23:46:38,503 |-INFO in ch.qos.logback.classic.model.processor.LoggerModelHandler - Setting level of logger [org.openqa.selenium.remote] to WARN
23:46:38,503 |-INFO in ch.qos.logback.classic.model.processor.LoggerModelHandler - Setting level of logger [org.openqa.selenium.remote.http] to WARN
23:46:38,503 |-INFO in ch.qos.logback.classic.model.processor.LoggerModelHandler - Setting level of logger [org.openqa.selenium.support] to WARN
23:46:38,503 |-INFO in ch.qos.logback.classic.model.processor.LoggerModelHandler - Setting level of logger [org.asynchttpclient] to WARN
23:46:38,503 |-INFO in ch.qos.logback.classic.model.processor.LoggerModelHandler - Setting level of logger [io.netty] to WARN
23:46:38,503 |-INFO in ch.qos.logback.classic.model.processor.LoggerModelHandler - Setting level of logger [org.apache.http] to WARN
23:46:38,503 |-INFO in ch.qos.logback.classic.model.processor.LoggerModelHandler - Setting level of logger [org.apache.hc] to WARN
23:46:38,504 |-INFO in ch.qos.logback.classic.model.processor.LoggerModelHandler - Setting level of logger [okhttp3] to WARN
23:46:38,504 |-INFO in ch.qos.logback.classic.model.processor.LoggerModelHandler - Setting level of logger [okio] to WARN
23:46:38,504 |-INFO in ch.qos.logback.classic.model.processor.LoggerModelHandler - Setting level of logger [com.automation] to INFO
23:46:38,505 |-INFO in ch.qos.logback.classic.model.processor.LoggerModelHandler - Setting additivity of logger [com.automation] to true
23:46:38,505 |-INFO in ch.qos.logback.core.model.processor.AppenderRefModelHandler - Attaching appender named [EXTENT_REPORTS] to Logger[com.automation]
23:46:38,505 |-INFO in ch.qos.logback.classic.model.processor.LoggerModelHandler - Setting level of logger [org.testng] to INFO
23:46:38,506 |-INFO in ch.qos.logback.classic.model.processor.RootLoggerModelHandler - Setting level of ROOT logger to WARN
23:46:38,506 |-INFO in ch.qos.logback.core.model.processor.AppenderRefModelHandler - Attaching appender named [CONSOLE] to Logger[ROOT]
23:46:38,506 |-INFO in ch.qos.logback.core.model.processor.AppenderRefModelHandler - Attaching appender named [FILE] to Logger[ROOT]
23:46:38,506 |-INFO in ch.qos.logback.core.model.processor.DefaultProcessor@2de23121 - End of configuration.
23:46:38,506 |-INFO in ch.qos.logback.classic.joran.JoranConfigurator@63475ace - Registering current configuration as safe fallback point
23:46:38,506 |-INFO in ch.qos.logback.classic.util.ContextInitializer@7bedc48a - ch.qos.logback.classic.util.DefaultJoranConfigurator.configure() call lasted 91 milliseconds. ExecutionStatus=DO_NOT_INVOKE_NEXT_IF_ANY

23:46:38.580 INFO  [AppLaunchHelper.initializeTestParameters] Loading test parameters from TestNG context
23:46:38.581 WARN  Environment properties not configured: Bundle ID not configured for environment 'stage'. Please set system property: automation.bundleId.stage. Will need to be provided via parameters.
23:46:38.582 INFO  Test parameters: environment=stage, platformName=android, platformVersion=16, deviceType=virtual, appiumServer=local, deviceName=Pixel_8, deviceId=null, packageName=null, appActivity=null
23:46:38.582 INFO  [AppLaunchHelper.initializeTestParameters] Test parameters initialized for platform: android
23:46:38.582 INFO  [AppLaunchHelper.prepareAppiumPort] Preparing Appium port: 4723
23:46:38.649 INFO  [AppLaunchHelper.prepareAppiumPort] Appium port 4723 is already available
23:46:38.649 INFO  [AppLaunchHelper.ensureDeviceReady] Ensuring device readiness for platform: android, device: Pixel_8, type: virtual
23:46:38.649 INFO  [DeviceOsType.ANDROID.ensureDeviceReady] Set device preference: virtual
23:46:38.650 INFO  [AndroidDeviceHelper] Ensuring virtual Android emulator is ready for testing
23:46:38.650 INFO  [AndroidDeviceHelper] Verifying ADB server health before device operations
23:46:38.711 INFO  [AndroidDeviceHelper] ADB is already healthy - skipping restart
23:46:38.755 INFO  [AndroidDeviceHelper] Emulator emulator-5554 is already running and responsive
23:46:38.755 INFO  [SystemHelpers] Checking WiFi status via ADB
23:46:38.776 INFO  [SystemHelpers] Using emulator device (fallback): emulator-5554
23:46:38.814 INFO  [SystemHelpers] WiFi status: enabled
23:46:38.814 INFO  [AndroidDeviceHelper] WiFi is enabled and ready
23:46:38.817 INFO  [AppLaunchHelper.buildAppiumServiceBuilder] Appium service configured successfully on 127.0.0.1:4723
23:46:38.817 INFO  [AppLaunchHelper.startAndVerifyAppiumServer] Starting Appium server on 127.0.0.1:4723
23:46:42.006 INFO  [AppLaunchHelper.startAndVerifyAppiumServer] STARTUP_SUCCESS - Appium server started successfully on 127.0.0.1:4723
23:46:42.020 INFO  [DeviceCapabilities] Starting driver initialization for device: Pixel_8, platform: android, environment: stage
23:46:42.020 INFO  [DeviceCapabilities] App installation skipped - using pre-installed app
23:46:42.020 INFO  [AppLaunchHelper.buildAppiumServerUrl] Building Appium server URL with host: 127.0.0.1, port: 4723
23:46:42.020 INFO  [AppLaunchHelper.buildAppiumServerUrl] Successfully built Appium server URL: http://127.0.0.1:4723
23:46:42.020 INFO  [DeviceCapabilities] Built Appium server URL: http://127.0.0.1:4723
23:46:42.020 INFO  [DeviceCapabilities] Creating android driver session with URL: http://127.0.0.1:4723
23:46:42.022 INFO  Configuring Android device capabilities for device: Pixel_8
23:46:42.037 INFO  Configured for virtual device (emulator): Pixel_8
23:46:42.037 INFO  Android device capabilities configured successfully
23:46:43.928 INFO  [DeviceCapabilities] Appium driver initialized for platform: android
23:46:43.928 INFO  [DeviceCapabilities] Driver registered successfully for android on device: Pixel_8
23:46:43.928 INFO  [DeviceCapabilities] Driver initialization completed successfully
23:46:43.936 INFO  === Starting App Launch Test ===
23:46:43.936 INFO  App launched successfully with package: null
23:46:43.936 INFO  Platform: android
23:46:43.936 INFO  Device: Pixel_8
23:46:43.936 INFO  === App Launch Test Completed ===
]]></system-out>
  </testcase>
  <testcase name="testLogin" classname="com.automation.tests.BasicLoginTest" time="21.054">
    <system-out><![CDATA[23:46:43.937 INFO  === Starting Basic Login Test ===
23:46:43.937 INFO  Handling permission popups
23:46:44.075 INFO  [PermissionsScreen] Waiting for push notification permission popup (timeout: 3s)
23:46:44.232 INFO  [PermissionsScreen] Clicking allow button for push notification permission
23:46:54.768 INFO  [PermissionsScreen] Push notification permission popup is not displayed
23:46:54.768 INFO  [PermissionsScreen] Waiting for device location permission popup (timeout: 3s)
23:46:54.788 INFO  [PermissionsScreen] Clicking allow while using app for location permission
23:47:04.966 INFO  [PermissionsScreen] Device location permission popup is not displayed
23:47:04.966 INFO  Performing login
23:47:04.969 INFO  [LoginScreen] Starting login process for user: testuser
23:47:04.987 INFO  [LoginScreen] User is already logged in
23:47:04.987 INFO  [LoginScreen] User is already logged in
23:47:04.987 INFO  Verifying home screen is displayed
23:47:05.004 INFO  [HomeScreen] Home screen is displayed
23:47:05.004 INFO  ✓ Login successful - Home screen is displayed
23:47:05.004 INFO  === Basic Login Test Completed ===
]]></system-out>
  </testcase>
</testsuite>