<?xml version="1.0" encoding="UTF-8"?>
<testng-results ignored="0" total="2" passed="2" failed="0" skipped="0">
  <reporter-output>
  </reporter-output>
  <suite started-at="2026-01-07T23:46:43 IST" name="Surefire suite" finished-at="2026-01-07T23:47:05 IST" duration-ms="21269">
    <groups>
    </groups>
    <test started-at="2026-01-07T23:46:43 IST" name="Surefire test" finished-at="2026-01-07T23:47:05 IST" duration-ms="21269">
      <class name="com.automation.tests.BasicLoginTest">
        <test-method is-config="true" signature="runAppiumServer(org.testng.ITestContext)[pri:0, instance:com.automation.tests.BasicLoginTest@210ab13f]" started-at="2026-01-07T23:46:38 IST" name="runAppiumServer" finished-at="2026-01-07T23:46:43 IST" duration-ms="5353" status="PASS">
          <params>
            <param index="0">
              <value>
                <![CDATA[org.testng.TestRunner@56da7487]]>
              </value>
            </param>
          </params>
          <reporter-output>
          </reporter-output>
        </test-method> <!-- runAppiumServer -->
        <test-method signature="testAppLaunch()[pri:0, instance:com.automation.tests.BasicLoginTest@210ab13f]" started-at="2026-01-07T23:46:43 IST" name="testAppLaunch" description="Sample test to verify app launch" finished-at="2026-01-07T23:46:43 IST" duration-ms="1" status="PASS">
          <reporter-output>
          </reporter-output>
        </test-method> <!-- testAppLaunch -->
        <test-method signature="testLogin()[pri:0, instance:com.automation.tests.BasicLoginTest@210ab13f]" started-at="2026-01-07T23:46:43 IST" name="testLogin" description="Sample login test - Update credentials and locators for your app" finished-at="2026-01-07T23:47:05 IST" duration-ms="21067" status="PASS">
          <reporter-output>
          </reporter-output>
        </test-method> <!-- testLogin -->
        <test-method is-config="true" signature="tearDownDriver()[pri:0, instance:com.automation.tests.BasicLoginTest@210ab13f]" started-at="2026-01-07T23:47:05 IST" name="tearDownDriver" finished-at="2026-01-07T23:47:05 IST" duration-ms="192" status="PASS">
          <reporter-output>
          </reporter-output>
        </test-method> <!-- tearDownDriver -->
        <test-method is-config="true" signature="stopAppiumServer()[pri:0, instance:com.automation.tests.BasicLoginTest@210ab13f]" started-at="2026-01-07T23:47:05 IST" name="stopAppiumServer" finished-at="2026-01-07T23:47:05 IST" duration-ms="81" status="PASS">
          <reporter-output>
          </reporter-output>
        </test-method> <!-- stopAppiumServer -->
      </class> <!-- com.automation.tests.BasicLoginTest -->
    </test> <!-- Surefire test -->
  </suite> <!-- Surefire suite -->
</testng-results>
